mode: set
github.com/tomasdemarco/iso8583/encoding/ascii.go:13.32,15.2 1 0
github.com/tomasdemarco/iso8583/encoding/ascii.go:18.52,20.2 1 1
github.com/tomasdemarco/iso8583/encoding/ascii.go:24.52,25.25 1 1
github.com/tomasdemarco/iso8583/encoding/ascii.go:25.25,27.3 1 1
github.com/tomasdemarco/iso8583/encoding/ascii.go:28.2,28.36 1 1
github.com/tomasdemarco/iso8583/encoding/ascii.go:32.39,34.2 1 1
github.com/tomasdemarco/iso8583/encoding/bcd.go:19.42,21.2 1 1
github.com/tomasdemarco/iso8583/encoding/bcd.go:25.50,29.34 3 1
github.com/tomasdemarco/iso8583/encoding/bcd.go:29.34,31.3 1 1
github.com/tomasdemarco/iso8583/encoding/bcd.go:33.2,33.42 1 1
github.com/tomasdemarco/iso8583/encoding/bcd.go:33.42,36.15 3 1
github.com/tomasdemarco/iso8583/encoding/bcd.go:36.15,38.4 1 1
github.com/tomasdemarco/iso8583/encoding/bcd.go:38.9,40.4 1 1
github.com/tomasdemarco/iso8583/encoding/bcd.go:42.2,42.15 1 1
github.com/tomasdemarco/iso8583/encoding/bcd.go:47.50,48.25 1 1
github.com/tomasdemarco/iso8583/encoding/bcd.go:48.25,50.3 1 0
github.com/tomasdemarco/iso8583/encoding/bcd.go:52.2,56.44 4 1
github.com/tomasdemarco/iso8583/encoding/bcd.go:56.44,58.15 2 1
github.com/tomasdemarco/iso8583/encoding/bcd.go:58.15,60.4 1 1
github.com/tomasdemarco/iso8583/encoding/bcd.go:60.9,62.4 1 1
github.com/tomasdemarco/iso8583/encoding/bcd.go:64.3,66.13 3 1
github.com/tomasdemarco/iso8583/encoding/bcd.go:66.13,68.4 1 1
github.com/tomasdemarco/iso8583/encoding/bcd.go:68.9,70.4 1 1
github.com/tomasdemarco/iso8583/encoding/bcd.go:72.3,72.18 1 1
github.com/tomasdemarco/iso8583/encoding/bcd.go:72.18,74.4 1 1
github.com/tomasdemarco/iso8583/encoding/bcd.go:75.3,75.20 1 1
github.com/tomasdemarco/iso8583/encoding/bcd.go:77.2,77.24 1 1
github.com/tomasdemarco/iso8583/encoding/bcd.go:81.37,83.2 1 1
github.com/tomasdemarco/iso8583/encoding/binary.go:16.33,18.2 1 1
github.com/tomasdemarco/iso8583/encoding/binary.go:22.53,23.21 1 1
github.com/tomasdemarco/iso8583/encoding/binary.go:23.21,25.3 1 0
github.com/tomasdemarco/iso8583/encoding/binary.go:26.2,26.33 1 1
github.com/tomasdemarco/iso8583/encoding/binary.go:31.53,32.25 1 1
github.com/tomasdemarco/iso8583/encoding/binary.go:32.25,34.3 1 0
github.com/tomasdemarco/iso8583/encoding/binary.go:35.2,35.47 1 1
github.com/tomasdemarco/iso8583/encoding/binary.go:39.40,41.2 1 1
github.com/tomasdemarco/iso8583/encoding/ebcdic.go:85.33,87.2 1 0
github.com/tomasdemarco/iso8583/encoding/ebcdic.go:91.53,93.32 2 1
github.com/tomasdemarco/iso8583/encoding/ebcdic.go:93.32,95.3 1 1
github.com/tomasdemarco/iso8583/encoding/ebcdic.go:96.2,96.17 1 1
github.com/tomasdemarco/iso8583/encoding/ebcdic.go:101.53,102.25 1 1
github.com/tomasdemarco/iso8583/encoding/ebcdic.go:102.25,104.3 1 0
github.com/tomasdemarco/iso8583/encoding/ebcdic.go:106.2,107.35 2 1
github.com/tomasdemarco/iso8583/encoding/ebcdic.go:107.35,109.3 1 1
github.com/tomasdemarco/iso8583/encoding/ebcdic.go:111.2,111.25 1 1
github.com/tomasdemarco/iso8583/encoding/ebcdic.go:115.40,117.2 1 1
github.com/tomasdemarco/iso8583/encoding/encoding.go:38.36,40.2 1 1
github.com/tomasdemarco/iso8583/encoding/encoding.go:43.36,45.2 1 1
github.com/tomasdemarco/iso8583/encoding/encoding.go:49.50,52.16 3 1
github.com/tomasdemarco/iso8583/encoding/encoding.go:52.16,54.3 1 1
github.com/tomasdemarco/iso8583/encoding/encoding.go:56.2,56.38 1 1
github.com/tomasdemarco/iso8583/encoding/encoding.go:56.38,57.15 1 1
github.com/tomasdemarco/iso8583/encoding/encoding.go:57.15,60.4 2 1
github.com/tomasdemarco/iso8583/encoding/encoding.go:63.2,63.56 1 1
github.com/tomasdemarco/iso8583/encoding/encoding.go:67.35,68.52 1 1
github.com/tomasdemarco/iso8583/encoding/encoding.go:68.52,70.18 2 1
github.com/tomasdemarco/iso8583/encoding/encoding.go:70.18,72.4 1 1
github.com/tomasdemarco/iso8583/encoding/encoding.go:74.2,74.14 1 1
